<?xml version="1.0" encoding="UTF-8"?>
<!-- Generated by org.testng.reporters.JUnitReportReporter -->
<testsuite skipped="0" hostname="2LY89F2" name="com.qcynergy.suite.TC1_VerifyLogin" tests="3" failures="0" timestamp="08 Aug 2018 09:49:25 GMT" time="24.869" errors="0">
  <testcase name="Test_Qcynergy_Url" time="14.545" classname="com.qcynergy.suite.TC1_VerifyLogin"/>
  <testcase name="Test_Successfull_Login" time="7.332" classname="com.qcynergy.suite.TC1_VerifyLogin"/>
  <testcase name="Test_Successfull_Logout" time="2.992" classname="com.qcynergy.suite.TC1_VerifyLogin"/>
</testsuite> <!-- com.qcynergy.suite.TC1_VerifyLogin -->
